<?xml version="1.0" encoding="UTF-8"?>
<!-- Generated by org.testng.reporters.JUnitReportReporter -->
<testsuite hostname="LAPTOP-CSN9D3G5" failures="0" tests="1" name="com.actitime.testscript.UserModule" time="1.730" errors="0" timestamp="2025-09-26T17:09:00 IST" skipped="0">
  <testcase classname="com.actitime.testscript.UserModule" name="createUser" time="1.730">
    <system-out>
      <![CDATA[createUser]]>
    </system-out>
  </testcase> <!-- createUser -->
  <system-out>
    <![CDATA[openBrowser
login
createProject
logout
closeBrower
openBrowser
login
createCustomer
logout
closeBrower
openBrowser
login
createUser
logout
closeBrower]]>
  </system-out>
</testsuite> <!-- com.actitime.testscript.UserModule -->
