<?xml version="1.0" encoding="UTF-8"?>
<!-- Generated by org.testng.reporters.JUnitReportReporter -->
<testsuite hostname="LAPTOP-CSN9D3G5" failures="0" tests="1" name="com.actitime.pom.SEREassignmentExec" time="9.689" errors="0" timestamp="2025-10-08T18:35:12 IST" skipped="0">
  <testcase classname="com.actitime.pom.SEREassignmentExec" name="demo" time="9.689"/>
</testsuite> <!-- com.actitime.pom.SEREassignmentExec -->
