<?xml version="1.0" encoding="UTF-8"?>
<!-- Generated by org.testng.reporters.JUnitReportReporter -->
<testsuite hostname="LAPTOP-CSN9D3G5" failures="0" tests="5" name="com.qspiders.testng.User" time="0.021" errors="0" timestamp="2025-09-24T12:35:56 IST" skipped="1">
  <testcase classname="com.qspiders.testng.User" name="modifyUer" time="0.003">
    <system-out>
      <![CDATA[modifyUer]]>
    </system-out>
  </testcase> <!-- modifyUer -->
  <testcase classname="com.qspiders.testng.User" name="createUser" time="0.002">
    <system-out>
      <![CDATA[createUser]]>
    </system-out>
  </testcase> <!-- createUser -->
  <testcase classname="com.qspiders.testng.User" name="createUser" time="0.003">
    <system-out>
      <![CDATA[createUser]]>
    </system-out>
  </testcase> <!-- createUser -->
  <testcase classname="com.qspiders.testng.User" name="createUser" time="0.013">
    <system-out>
      <![CDATA[createUser]]>
    </system-out>
  </testcase> <!-- createUser -->
  <testcase classname="com.qspiders.testng.User" name="deleteUser">
    <skipped/>
  </testcase> <!-- deleteUser -->
  <system-out>
    <![CDATA[createUser
createUser
createUser
modifyUer]]>
  </system-out>
</testsuite> <!-- com.qspiders.testng.User -->
