<?xml version="1.0" encoding="UTF-8"?>
<!-- Generated by org.testng.reporters.JUnitReportReporter -->
<testsuite hostname="LAPTOP-CSN9D3G5" failures="0" tests="1" name="com.actitime.testscript.ProjectModule" time="1.643" errors="0" timestamp="2025-09-26T17:09:00 IST" skipped="0">
  <testcase classname="com.actitime.testscript.ProjectModule" name="createProject" time="1.643">
    <system-out>
      <![CDATA[createProject]]>
    </system-out>
  </testcase> <!-- createProject -->
  <system-out>
    <![CDATA[openBrowser
login
createProject
logout
closeBrower
openBrowser
login
createCustomer
logout
closeBrower
openBrowser
login
createUser
logout
closeBrower]]>
  </system-out>
</testsuite> <!-- com.actitime.testscript.ProjectModule -->
