<?xml version="1.0" encoding="UTF-8"?>
<!-- Generated by org.testng.reporters.JUnitReportReporter -->
<testsuite hostname="LAPTOP-CSN9D3G5" failures="0" tests="2" name="com.qspiders.testng.demo" time="0.039" errors="0" timestamp="2025-09-22T13:30:56 IST" skipped="0">
  <testcase classname="com.qspiders.testng.demo" name="demoB" time="0.007">
    <system-out>
      <![CDATA[World]]>
    </system-out>
  </testcase> <!-- demoB -->
  <testcase classname="com.qspiders.testng.demo" name="demoA" time="0.032">
    <system-out>
      <![CDATA[Hello]]>
    </system-out>
  </testcase> <!-- demoA -->
  <system-out>
    <![CDATA[Hello
World]]>
  </system-out>
</testsuite> <!-- com.qspiders.testng.demo -->
