<?xml version="1.0" encoding="UTF-8"?>
<!-- Generated by org.testng.reporters.JUnitReportReporter -->
<testsuite hostname="LAPTOP-CSN9D3G5" failures="0" tests="2" name="com.actitime.testscript.DemoA" time="2.961" errors="0" timestamp="2025-10-06T15:22:12 IST" skipped="0">
  <testcase classname="com.actitime.testscript.DemoA" name="demo" time="2.069"/>
  <testcase classname="com.actitime.testscript.DemoA" name="demoA" time="0.892"/>
</testsuite> <!-- com.actitime.testscript.DemoA -->
