<?xml version="1.0" encoding="UTF-8"?>
<!-- Generated by org.testng.reporters.JUnitReportReporter -->
<testsuite hostname="LAPTOP-CSN9D3G5" failures="0" tests="2" name="com.qspiders.testng.InstagramAssertions" time="22.170" errors="0" timestamp="2025-09-24T14:03:49 IST" skipped="0">
  <testcase classname="com.qspiders.testng.InstagramAssertions" name="verifyInstagramTitle" time="13.729"/>
  <testcase classname="com.qspiders.testng.InstagramAssertions" name="verifyLoginButton" time="8.441"/>
</testsuite> <!-- com.qspiders.testng.InstagramAssertions -->
