<?xml version="1.0" encoding="UTF-8"?>
<!-- Generated by org.testng.reporters.JUnitReportReporter -->
<testsuite hostname="LAPTOP-CSN9D3G5" failures="0" tests="1" name="com.actitime.pom.DemoLoginExec" time="6.048" errors="0" timestamp="2025-10-08T18:23:21 IST" skipped="0">
  <testcase classname="com.actitime.pom.DemoLoginExec" name="demo" time="6.048"/>
</testsuite> <!-- com.actitime.pom.DemoLoginExec -->
